<?xml version="1.0" encoding="UTF-8"?>
<!-- Generated by org.testng.reporters.JUnitReportReporter -->
<testsuite hostname="DESKTOP-VJ8GD4N" failures="0" tests="16" name="com.UnitedGrocery.TestCases.TC_LoginTest" time="190.736" errors="0" timestamp="2024-08-10T13:49:20 IST" skipped="0">
  <testcase classname="com.UnitedGrocery.TestCases.TC_LoginTest" name="logopresence" time="3.388"/>
  <testcase classname="com.UnitedGrocery.TestCases.TC_LoginTest" name="verifylogin" time="0.596"/>
  <testcase classname="com.UnitedGrocery.TestCases.TC_LoginTest" name="PendingOrder" time="15.291"/>
  <testcase classname="com.UnitedGrocery.TestCases.TC_LoginTest" name="AcceptOrder" time="17.030"/>
  <testcase classname="com.UnitedGrocery.TestCases.TC_LoginTest" name="RejectOrder" time="17.874"/>
  <testcase classname="com.UnitedGrocery.TestCases.TC_LoginTest" name="PendingDelivery" time="17.029"/>
  <testcase classname="com.UnitedGrocery.TestCases.TC_LoginTest" name="delivered" time="18.284"/>
  <testcase classname="com.UnitedGrocery.TestCases.TC_LoginTest" name="MasterTab" time="18.700"/>
  <testcase classname="com.UnitedGrocery.TestCases.TC_LoginTest" name="CategoriesDownload" time="8.650"/>
  <testcase classname="com.UnitedGrocery.TestCases.TC_LoginTest" name="CategoriesUpload" time="4.818"/>
  <testcase classname="com.UnitedGrocery.TestCases.TC_LoginTest" name="VendorDownload" time="7.441"/>
  <testcase classname="com.UnitedGrocery.TestCases.TC_LoginTest" name="VendorUpload" time="4.314"/>
  <testcase classname="com.UnitedGrocery.TestCases.TC_LoginTest" name="VendorListDetails" time="12.594"/>
  <testcase classname="com.UnitedGrocery.TestCases.TC_LoginTest" name="returnList" time="15.735"/>
  <testcase classname="com.UnitedGrocery.TestCases.TC_LoginTest" name="returnAccepted" time="14.866"/>
  <testcase classname="com.UnitedGrocery.TestCases.TC_LoginTest" name="returnRejected" time="14.126"/>
</testsuite> <!-- com.UnitedGrocery.TestCases.TC_LoginTest -->
