<?xml version="1.0" encoding="UTF-8"?>
<!-- Generated by org.testng.reporters.JUnitReportReporter -->
<testsuite hostname="DESKTOP-VJ8GD4N" failures="0" tests="3" name="AllureProject.UGTest" time="0.939" errors="0" timestamp="2024-07-16T00:17:20 IST" skipped="1">
  <testcase classname="AllureProject.UGTest" name="logoPresence" time="0.349"/>
  <testcase classname="AllureProject.UGTest" name="loginPage" time="0.569"/>
  <testcase classname="AllureProject.UGTest" name="Dashboard" time="0.021">
    <skipped/>
  </testcase> <!-- Dashboard -->
</testsuite> <!-- AllureProject.UGTest -->
