<?xml version="1.0" encoding="UTF-8"?>
<!-- Generated by org.testng.reporters.JUnitReportReporter -->
<testsuite hostname="DESKTOP-VJ8GD4N" failures="0" tests="1" name="com.project222.testscripts.TC_LoginTest" time="9.634" errors="0" timestamp="2024-06-11T11:31:14 IST" skipped="0">
  <testcase classname="com.project222.testscripts.TC_LoginTest" name="verifyLogin" time="9.634"/>
</testsuite> <!-- com.project222.testscripts.TC_LoginTest -->
