<?xml version="1.0" encoding="UTF-8"?>
<!-- Generated by org.testng.reporters.JUnitReportReporter -->
<testsuite hostname="DESKTOP-VJ8GD4N" failures="0" tests="1" name="com.UnitedGrocery.TestCases.VerifyData" time="16.672" errors="0" timestamp="2024-06-26T10:56:41 IST" skipped="0">
  <testcase classname="com.UnitedGrocery.TestCases.VerifyData" name="test" time="16.672"/>
</testsuite> <!-- com.UnitedGrocery.TestCases.VerifyData -->
