<?xml version="1.0" encoding="UTF-8"?>
<!-- Generated by org.testng.reporters.JUnitReportReporter -->
<testsuite hostname="DESKTOP-VJ8GD4N" failures="0" tests="1" name="csvFiles.FileDownload" time="18.075" errors="0" timestamp="2024-07-15T22:32:44 IST" skipped="0">
  <testcase classname="csvFiles.FileDownload" name="Filedownload" time="18.075"/>
</testsuite> <!-- csvFiles.FileDownload -->
