<?xml version="1.0" encoding="UTF-8"?>
<!-- Generated by org.testng.reporters.JUnitReportReporter -->
<testsuite hostname="DESKTOP-VJ8GD4N" failures="0" tests="1" name="csvFiles.FileUpload" time="20.553" errors="0" timestamp="2024-07-15T22:20:13 IST" skipped="0">
  <testcase classname="csvFiles.FileUpload" name="upload" time="20.553"/>
</testsuite> <!-- csvFiles.FileUpload -->
