<?xml version="1.0" encoding="UTF-8"?>
<!-- Generated by org.testng.reporters.JUnitReportReporter -->
<testsuite hostname="DESKTOP-VJ8GD4N" failures="0" tests="1" name="com.UnitedGrocery.TestCases.LoginPage" time="14.452" errors="0" timestamp="2024-06-25T22:52:37 IST" skipped="0">
  <testcase classname="com.UnitedGrocery.TestCases.LoginPage" name="loginApp" time="14.452"/>
</testsuite> <!-- com.UnitedGrocery.TestCases.LoginPage -->
